<?xml version="1.0" encoding="UTF-8"?>
<!-- Generated by org.testng.reporters.JUnitReportReporter -->
<testsuite hostname="Hare-Krishna" failures="0" tests="1" name="com.actitime.testscript.TestMethodcls" time="10.709" errors="0" timestamp="2022-09-26T20:20:05 IST" skipped="0">
  <testcase classname="com.actitime.testscript.TestMethodcls" name="validLogin" time="10.709"/>
  <system-out/>
</testsuite> <!-- com.actitime.testscript.TestMethodcls -->
