<?xml version="1.0" encoding="UTF-8"?>
<!-- Generated by org.testng.reporters.JUnitReportReporter -->
<testsuite hostname="Hare-Krishna" failures="0" tests="4" name="com.actitime.generic.CustomerModule1" time="0.015" errors="0" timestamp="2022-12-04T19:17:10 IST" skipped="0">
  <testcase classname="com.actitime.generic.CustomerModule1" name="registerCustomer" time="0.002"/>
  <system-out>
    <![CDATA[register Customer]]>
  </system-out>
  <testcase classname="com.actitime.generic.CustomerModule1" name="deleteCustomer" time="0.008"/>
  <system-out>
    <![CDATA[deleteCustomer]]>
  </system-out>
  <testcase classname="com.actitime.generic.CustomerModule1" name="editCustomer" time="0.003"/>
  <system-out>
    <![CDATA[editCustomer]]>
  </system-out>
  <testcase classname="com.actitime.generic.CustomerModule1" name="editCustomer" time="0.002"/>
  <system-out>
    <![CDATA[editCustomer]]>
  </system-out>
</testsuite> <!-- com.actitime.generic.CustomerModule1 -->
