<?xml version="1.0" encoding="UTF-8"?>
<!-- Generated by org.testng.reporters.JUnitReportReporter -->
<testsuite hostname="Hare-Krishna" failures="0" tests="1" name="com.actitime.generic.DemoTestNG" time="0.022" errors="0" timestamp="2022-09-15T23:31:47 IST" skipped="0">
  <testcase classname="com.actitime.generic.DemoTestNG" name="demoTest" time="0.022"/>
  <system-out>
    <![CDATA[welcome
bye
hello]]>
  </system-out>
</testsuite> <!-- com.actitime.generic.DemoTestNG -->
